<projects>
	<project>
		<groupId>com.nsn</groupId>
		<artifactId>project1</artifactId>
		<version>1.2</version>
		<packaging>pom</packaging>
		<dependencies>
			<dependency>
				<groupId>org.company3</groupId>
				<artifactId>art10</artifactId>
				<version>1.0</version>
				<scope>compile</scope>
			</dependency>
			<dependency>
				<groupId>org.company3</groupId>
				<artifactId>art20</artifactId>
				<version>2.0</version>
				<scope>test</scope>
			</dependency>
			<dependency>
				<groupId>org.company4</groupId>
				<artifactId>art30</artifactId>
				<version>1.0</version>
				<scope>compile</scope>
			</dependency>
			<dependency>
				<groupId>org.company4</groupId>
				<artifactId>art40</artifactId>
				<version>2.0</version>
			</dependency>
		</dependencies>
		<dependencyManagement>
			<dependencies>
				<dependency>
					<groupId>org.company1</groupId>
					<artifactId>art1</artifactId>
					<version>1.0</version>
					<scope>compile</scope>
				</dependency>
				<dependency>
					<groupId>org.company1</groupId>
					<artifactId>art2</artifactId>
					<version>2.0</version>
					<scope>test</scope>
				</dependency>
				<dependency>
					<groupId>org.company2</groupId>
					<artifactId>art3</artifactId>
					<version>1.0</version>
					<scope>compile</scope>
				</dependency>
				<dependency>
					<groupId>org.company2</groupId>
					<artifactId>art4</artifactId>
					<version>2.0</version>
				</dependency>
			</dependencies>
		</dependencyManagement>
	</project>
	<project>
		<groupId>com.nsn</groupId>
		<artifactId>project2</artifactId>
		<version>2.2</version>
		<packaging>war</packaging>
		<dependencyManagement>
			<dependencies>
				<dependency>
					<groupId>org.company1</groupId>
					<artifactId>art1</artifactId>
					<version>1.2</version>
					<scope>compile</scope>
				</dependency>
				<dependency>
					<groupId>org.company1</groupId>
					<artifactId>art2</artifactId>
					<version>2.2</version>
					<scope>test</scope>
				</dependency>
				<dependency>
					<groupId>org.company2</groupId>
					<artifactId>art3</artifactId>
					<version>1.0</version>
					<scope>compile</scope>
				</dependency>
				<dependency>
					<groupId>org.company2</groupId>
					<artifactId>art4</artifactId>
					<version>2.0</version>
				</dependency>
			</dependencies>
		</dependencyManagement>
	</project>
</projects>